<?xml version="1.0" encoding="utf-8" ?>
<Settings>
    <alfa>bla bla</alfa>
    <beta>value</beta>
</Settings>
